#
# There is insufficient memory for the Java Runtime Environment to continue.
# Native memory allocation (malloc) failed to allocate 1048576 bytes for AllocateHeap
# Possible reasons:
#   The system is out of physical RAM or swap space
#   The process is running with CompressedOops enabled, and the Java Heap may be blocking the growth of the native heap
# Possible solutions:
#   Reduce memory load on the system
#   Increase physical memory or swap space
#   Check if swap backing store is full
#   Decrease Java heap size (-Xmx/-Xms)
#   Decrease number of Java threads
#   Decrease Java thread stack sizes (-Xss)
#   Set larger code cache with -XX:ReservedCodeCacheSize=
#   JVM is running with Unscaled Compressed Oops mode in which the Java heap is
#     placed in the first 4GB address space. The Java Heap base address is the
#     maximum limit for the native heap growth. Please use -XX:HeapBaseMinAddress
#     to set the Java Heap base and to place the Java Heap above 4GB virtual address.
# This output file may be truncated or incomplete.
#
#  Out of Memory Error (allocation.cpp:44), pid=25236, tid=20860
#
# JRE version:  (17.0.2+8) (build )
# Java VM: Java HotSpot(TM) 64-Bit Server VM (17.0.2+8-LTS-86, mixed mode, sharing, tiered, compressed oops, compressed class ptrs, g1 gc, windows-amd64)
# No core dump will be written. Minidumps are not enabled by default on client versions of Windows
#

---------------  S U M M A R Y ------------

Command Line: -Dfile.encoding=UTF-8 --module-path=C:\Users\Ankita\Documents\NetBeansProjects\Hotel Management System\build\classes hotel.management.system.Dashboard

Host: Intel(R) Core(TM) i5-8300H CPU @ 2.30GHz, 8 cores, 7G,  Windows 11 , 64 bit Build 22543 (10.0.22543.1000)
Time: Mon Jan 31 15:04:28 2022 India Standard Time elapsed time: 0.075267 seconds (0d 0h 0m 0s)

---------------  T H R E A D  ---------------

Current thread (0x0000023ab1850e60):  JavaThread "Unknown thread" [_thread_in_vm, id=20860, stack(0x000000da8bd00000,0x000000da8be00000)]

Stack: [0x000000da8bd00000,0x000000da8be00000]
Native frames: (J=compiled Java code, j=interpreted, Vv=VM code, C=native code)
V  [jvm.dll+0x670baa]
V  [jvm.dll+0x7cfcb4]
V  [jvm.dll+0x7d145e]
V  [jvm.dll+0x7d1ac3]
V  [jvm.dll+0x242bc5]
V  [jvm.dll+0xa4b93]
V  [jvm.dll+0x2d3c54]
V  [jvm.dll+0x7a188c]
V  [jvm.dll+0x365a91]
V  [jvm.dll+0x780d2c]
V  [jvm.dll+0x3e845f]
V  [jvm.dll+0x3e9f01]
C  [jli.dll+0x527b]
C  [ucrtbase.dll+0x293cc]
C  [KERNEL32.DLL+0x11350]
C  [ntdll.dll+0x51dc8]


---------------  P R O C E S S  ---------------

Threads class SMR info:
_java_thread_list=0x00007ffb1cbe9858, length=0, elements={
}

Java Threads: ( => current thread )

Other Threads:

=>0x0000023ab1850e60 (exited) JavaThread "Unknown thread" [_thread_in_vm, id=20860, stack(0x000000da8bd00000,0x000000da8be00000)]

Threads with active compile tasks:

VM state: not at safepoint (not fully initialized)

VM Mutex/Monitor currently owned by a thread: None

Heap address: 0x0000000000000000, size: 0 MB, Compressed Oops mode: 32-bit

CDS archive(s) mapped at: [0x0000000000000000-0x0000000000000000-0x0000000000000000), size 0, SharedBaseAddress: 0x0000000800000000, ArchiveRelocationMode: 0.
Narrow klass base: 0x0000000000000000, Narrow klass shift: 0, Narrow klass range: 0x0

GC Precious Log:
<Empty>

GC Heap History (0 events):
No events

Deoptimization events (0 events):
No events

Classes unloaded (0 events):
No events

Classes redefined (0 events):
No events

Internal exceptions (0 events):
No events

VM Operations (0 events):
No events

Events (1 events):
Event: 0.008 Loaded shared library C:\Program Files\Java\jdk-17.0.2\bin\java.dll


Dynamic libraries:
0x00007ff7443a0000 - 0x00007ff7443b0000 	C:\Program Files\Java\jdk-17.0.2\bin\java.exe
0x00007ffb4f840000 - 0x00007ffb4fa4f000 	C:\WINDOWS\SYSTEM32\ntdll.dll
0x00007ffb4e780000 - 0x00007ffb4e83d000 	C:\WINDOWS\System32\KERNEL32.DLL
0x00007ffb4ce50000 - 0x00007ffb4d1e4000 	C:\WINDOWS\System32\KERNELBASE.dll
0x00007ffb4d2b0000 - 0x00007ffb4d3c1000 	C:\WINDOWS\System32\ucrtbase.dll
0x00007ffb38520000 - 0x00007ffb38538000 	C:\Program Files\Java\jdk-17.0.2\bin\jli.dll
0x00007ffb4e950000 - 0x00007ffb4e9fe000 	C:\WINDOWS\System32\ADVAPI32.dll
0x00007ffb40da0000 - 0x00007ffb40dba000 	C:\Program Files\Java\jdk-17.0.2\bin\VCRUNTIME140.dll
0x00007ffb4d8b0000 - 0x00007ffb4d954000 	C:\WINDOWS\System32\msvcrt.dll
0x00007ffb4e5a0000 - 0x00007ffb4e645000 	C:\WINDOWS\System32\sechost.dll
0x00007ffb4ef20000 - 0x00007ffb4f03f000 	C:\WINDOWS\System32\RPCRT4.dll
0x00007ffb4ece0000 - 0x00007ffb4ee8a000 	C:\WINDOWS\System32\USER32.dll
0x00007ffb4ce20000 - 0x00007ffb4ce46000 	C:\WINDOWS\System32\win32u.dll
0x00007ffb4d960000 - 0x00007ffb4d989000 	C:\WINDOWS\System32\GDI32.dll
0x00007ffb2c2e0000 - 0x00007ffb2c581000 	C:\WINDOWS\WinSxS\amd64_microsoft.windows.common-controls_6595b64144ccf1df_6.0.22543.1000_none_25f07d7fa9409c95\COMCTL32.dll
0x00007ffb4d3d0000 - 0x00007ffb4d4e7000 	C:\WINDOWS\System32\gdi32full.dll
0x00007ffb4d560000 - 0x00007ffb4d5fa000 	C:\WINDOWS\System32\msvcp_win.dll
0x00007ffb3c680000 - 0x00007ffb3c68a000 	C:\WINDOWS\SYSTEM32\VERSION.dll
0x00007ffb4eca0000 - 0x00007ffb4ecd1000 	C:\WINDOWS\System32\IMM32.DLL
0x00007ffb4a2c0000 - 0x00007ffb4a2cc000 	C:\Program Files\Java\jdk-17.0.2\bin\vcruntime140_1.dll
0x00007ffb3e9d0000 - 0x00007ffb3ea5d000 	C:\Program Files\Java\jdk-17.0.2\bin\msvcp140.dll
0x00007ffb1c150000 - 0x00007ffb1cd11000 	C:\Program Files\Java\jdk-17.0.2\bin\server\jvm.dll
0x00007ffb4e510000 - 0x00007ffb4e518000 	C:\WINDOWS\System32\PSAPI.DLL
0x00007ffb4a2d0000 - 0x00007ffb4a2d9000 	C:\WINDOWS\SYSTEM32\WSOCK32.dll
0x00007ffb34200000 - 0x00007ffb34234000 	C:\WINDOWS\SYSTEM32\WINMM.dll
0x00007ffb4e520000 - 0x00007ffb4e591000 	C:\WINDOWS\System32\WS2_32.dll
0x00007ffb4bd30000 - 0x00007ffb4bd47000 	C:\WINDOWS\SYSTEM32\kernel.appcore.dll
0x00007ffb4a1e0000 - 0x00007ffb4a1ea000 	C:\Program Files\Java\jdk-17.0.2\bin\jimage.dll
0x00007ffb4aa90000 - 0x00007ffb4acb4000 	C:\WINDOWS\SYSTEM32\DBGHELP.DLL
0x00007ffb4e060000 - 0x00007ffb4e3d1000 	C:\WINDOWS\System32\combase.dll
0x00007ffb4ebc0000 - 0x00007ffb4ec97000 	C:\WINDOWS\System32\OLEAUT32.dll
0x00007ffb40c20000 - 0x00007ffb40c51000 	C:\WINDOWS\SYSTEM32\dbgcore.DLL
0x00007ffb4d600000 - 0x00007ffb4d67b000 	C:\WINDOWS\System32\bcryptPrimitives.dll
0x00007ffb40d50000 - 0x00007ffb40d75000 	C:\Program Files\Java\jdk-17.0.2\bin\java.dll

dbghelp: loaded successfully - version: 4.0.5 - missing functions: none
symbol engine: initialized successfully - sym options: 0x614 - pdb path: .;C:\Program Files\Java\jdk-17.0.2\bin;C:\WINDOWS\SYSTEM32;C:\WINDOWS\WinSxS\amd64_microsoft.windows.common-controls_6595b64144ccf1df_6.0.22543.1000_none_25f07d7fa9409c95;C:\Program Files\Java\jdk-17.0.2\bin\server

VM Arguments:
jvm_args: -Dfile.encoding=UTF-8 --module-path=C:\Users\Ankita\Documents\NetBeansProjects\Hotel Management System\build\classes 
java_command: hotel.management.system.Dashboard
java_class_path (initial): C:\JDBC\mysql-connector-java-8.0.25\mysql-connector-java-8.0.25.jar;C:\JDBC\mysql-connector-java-8.0.25;C:\Program Files\NetBeans-12.6\netbeans\ide\modules\ext\postgresql-42.2.16.jar;C:\Users\Ankita\Documents\NetBeansProjects\Hotel Management System\build\classes
Launcher Type: SUN_STANDARD

[Global flags]
     intx CICompilerCount                          = 4                                         {product} {ergonomic}
     uint ConcGCThreads                            = 2                                         {product} {ergonomic}
     uint G1ConcRefinementThreads                  = 8                                         {product} {ergonomic}
   size_t G1HeapRegionSize                         = 1048576                                   {product} {ergonomic}
    uintx GCDrainStackTargetSize                   = 64                                        {product} {ergonomic}
   size_t InitialHeapSize                          = 134217728                                 {product} {ergonomic}
   size_t MarkStackSize                            = 4194304                                   {product} {ergonomic}
   size_t MaxHeapSize                              = 2116026368                                {product} {ergonomic}
   size_t MinHeapDeltaBytes                        = 1048576                                   {product} {ergonomic}
   size_t MinHeapSize                              = 8388608                                   {product} {ergonomic}
    uintx NonNMethodCodeHeapSize                   = 5839372                                {pd product} {ergonomic}
    uintx NonProfiledCodeHeapSize                  = 122909434                              {pd product} {ergonomic}
    uintx ProfiledCodeHeapSize                     = 122909434                              {pd product} {ergonomic}
    uintx ReservedCodeCacheSize                    = 251658240                              {pd product} {ergonomic}
     bool SegmentedCodeCache                       = true                                      {product} {ergonomic}
   size_t SoftMaxHeapSize                          = 2116026368                             {manageable} {ergonomic}
     bool UseCompressedClassPointers               = true                           {product lp64_product} {ergonomic}
     bool UseCompressedOops                        = true                           {product lp64_product} {ergonomic}
     bool UseG1GC                                  = true                                      {product} {ergonomic}
     bool UseLargePagesIndividualAllocation        = false                                  {pd product} {ergonomic}

Logging:
Log output configuration:
 #0: stdout all=warning uptime,level,tags
 #1: stderr all=off uptime,level,tags

Environment Variables:
JAVA_HOME=C:\Program Files\Java\jdk1.8.0_291\bin
CLASSPATH=.;C:\Program Files\Java\jaf-1.1.1\activation.jar;C:\Program Files\Java\javamail-1.4.7\mail.jar;C:\Program Files\Java\javamail-1.4.7\lib\smtp.jar;C:\Program Files\Java\jre1.8.0_291\lib\rt.jar;C:\Program Files\Java\jre1.8.0_291\lib\*.jar;
PATH=C:\Program Files\Common Files\Oracle\Java\javapath;C:\Python310\Scripts\;C:\Python310\;C:\Program Files (x86)\Common Files\Oracle\Java\javapath;C:\Windows\system32;C:\Windows;C:\Windows\System32\Wbem;C:\Windows\System32\WindowsPowerShell\v1.0\;C:\Windows\System32\OpenSSH\;C:\Program Files (x86)\NVIDIA Corporation\PhysX\Common;C:\WINDOWS\system32;C:\WINDOWS;C:\WINDOWS\System32\Wbem;C:\WINDOWS\System32\WindowsPowerShell\v1.0\;C:\WINDOWS\System32\OpenSSH\;C:\Program Files\Java\jdk1.8.0_291\bin;C:\Program Files\Java\mysql-8.0.24-winx64\bin;C:\Program Files\Git\cmd;C:\Program Files\nodejs\;C:\ProgramData\chocolatey\bin;C:\Program Files\Java\jdk-17.0.2\bin;C:\Program Files\MySQL\MySQL Shell 8.0\bin\;C:\Users\Ankita\AppData\Local\Microsoft\WindowsApps;C:\Program Files (x86)\mingw-w64\i686-8.1.0-posix-dwarf-rt_v6-rev0\mingw32\bin;C:\Users\Ankita\AppData\Local\Programs\Python\Python39\Scripts;C:\Program Files\JetBrains\IntelliJ IDEA Community Edition 2021.1\bin;;C:\Program Files\Java\jdk1.8.0_291\bin;C:\Users\Ankita\AppData\Local\Programs\Microsoft VS Code\bin;C:\Users\Ankita\AppData\Local\GitHubDesktop\bin;C:\Users\Ankita\AppData\Roaming\npm;
USERNAME=Ankita
OS=Windows_NT
PROCESSOR_IDENTIFIER=Intel64 Family 6 Model 158 Stepping 10, GenuineIntel



---------------  S Y S T E M  ---------------

OS:
 Windows 11 , 64 bit Build 22543 (10.0.22543.1000)
OS uptime: 0 days 2:56 hours

CPU: total 8 (initial active 8) (4 cores per cpu, 2 threads per core) family 6 model 158 stepping 10 microcode 0xde, cx8, cmov, fxsr, ht, mmx, 3dnowpref, sse, sse2, sse3, ssse3, sse4.1, sse4.2, popcnt, lzcnt, tsc, tscinvbit, avx, avx2, aes, erms, clmul, bmi1, bmi2, adx, fma, vzeroupper, clflush, clflushopt

Memory: 4k page, system-wide physical 8066M (440M free)
TotalPageFile size 32642M (AvailPageFile size 5M)
current process WorkingSet (physical memory assigned to process): 11M, peak: 11M
current process commit charge ("private bytes"): 11M, peak: 12M

vm_info: Java HotSpot(TM) 64-Bit Server VM (17.0.2+8-LTS-86) for windows-amd64 JRE (17.0.2+8-LTS-86), built on Dec  7 2021 21:51:03 by "mach5one" with MS VC++ 16.8 / 16.9 (VS2019)

END.
